<?xml version="1.0" encoding="UTF-8"?>
<!-- Generated by org.testng.reporters.JUnitReportReporter -->
<testsuite skipped="0" hostname="ATMECSINLT-044" name="com.atmecs.Assesement.testscripts.DynamicXml" tests="1" failures="0" timestamp="04 Nov 2019 12:32:18 GMT" time="35.102" errors="0">
  <testcase name="base" time="35.102" classname="com.atmecs.Assesement.testscripts.DynamicXml"/>
</testsuite> <!-- com.atmecs.Assesement.testscripts.DynamicXml -->
