<?xml version="1.0" encoding="UTF-8"?>
<!-- Generated by org.testng.reporters.JUnitReportReporter -->
<testsuite skipped="0" hostname="ATMECSINLT-044" name="com.atmecs.Assesement.testscripts.AssesementTestcase" tests="1" failures="0" timestamp="04 Nov 2019 13:11:10 GMT" time="3.301" errors="0">
  <testcase name="testcase1" time="3.301" classname="com.atmecs.Assesement.testscripts.AssesementTestcase"/>
</testsuite> <!-- com.atmecs.Assesement.testscripts.AssesementTestcase -->
